<?xml version="1.0" encoding="UTF-8"?>
<!-- Generated by org.testng.reporters.JUnitXMLReporter -->
<testsuite hostname="Vinod" ignored="0" name="Test" tests="5" failures="1" timestamp="19 Mar 2020 08:14:31 GMT" time="1.78" errors="0">
  <testcase name="A" time="0.021" classname="com.aff.dp.testCases.LoginPageTest">
    <failure type="java.lang.RuntimeException">
      <![CDATA[java.lang.RuntimeException: 
at com.aff.dp.testCases.LoginPageTest.A(LoginPageTest.java:17)
... Removed 25 stack frames]]>
    </failure>
  </testcase> <!-- A -->
  <testcase name="Verify_Pag22e" time="0.004" classname="com.aff.dp.testCases.LoginPageTest"/>
  <testcase name="Verify_Pagde" time="0.004" classname="com.aff.dp.testCases.LoginPageTest"/>
  <testcase name="Verify_Page" time="0.003" classname="com.aff.dp.testCases.LoginPageTest"/>
  <testcase name="Verify_Pagse" time="0.003" classname="com.aff.dp.testCases.LoginPageTest"/>
</testsuite> <!-- Test -->
