<?xml version="1.0" encoding="UTF-8"?>
<testng-results skipped="0" failed="1" ignored="0" total="5" passed="4">
  <reporter-output>
  </reporter-output>
  <suite name="LoginPage" duration-ms="1780" started-at="2020-03-19T08:14:29Z" finished-at="2020-03-19T08:14:31Z">
    <groups>
    </groups>
    <test name="Test" duration-ms="1780" started-at="2020-03-19T08:14:29Z" finished-at="2020-03-19T08:14:31Z">
      <class name="com.aff.dp.testCases.LoginPageTest">
        <test-method status="PASS" signature="setUp()[pri:0, instance:com.aff.dp.testCases.LoginPageTest@139982de]" name="setUp" is-config="true" duration-ms="18806" started-at="2020-03-19T08:14:10Z" finished-at="2020-03-19T08:14:29Z">
          <reporter-output>
          </reporter-output>
        </test-method> <!-- setUp -->
        <test-method status="FAIL" signature="A()[pri:0, instance:com.aff.dp.testCases.LoginPageTest@139982de]" name="A" duration-ms="21" started-at="2020-03-19T08:14:29Z" finished-at="2020-03-19T08:14:29Z">
          <exception class="java.lang.RuntimeException">
            <full-stacktrace>
              <![CDATA[java.lang.RuntimeException: 
at com.aff.dp.testCases.LoginPageTest.A(LoginPageTest.java:17)
at sun.reflect.NativeMethodAccessorImpl.invoke0(Native Method)
at sun.reflect.NativeMethodAccessorImpl.invoke(NativeMethodAccessorImpl.java:62)
at sun.reflect.DelegatingMethodAccessorImpl.invoke(DelegatingMethodAccessorImpl.java:43)
at java.lang.reflect.Method.invoke(Method.java:498)
at org.testng.internal.MethodInvocationHelper.invokeMethod(MethodInvocationHelper.java:124)
at org.testng.internal.Invoker.invokeMethod(Invoker.java:583)
at org.testng.internal.Invoker.invokeTestMethod(Invoker.java:719)
at org.testng.internal.Invoker.invokeTestMethods(Invoker.java:989)
at org.testng.internal.TestMethodWorker.invokeTestMethods(TestMethodWorker.java:125)
at org.testng.internal.TestMethodWorker.run(TestMethodWorker.java:109)
at org.testng.TestRunner.privateRun(TestRunner.java:648)
at org.testng.TestRunner.run(TestRunner.java:505)
at org.testng.SuiteRunner.runTest(SuiteRunner.java:455)
at org.testng.SuiteRunner.runSequentially(SuiteRunner.java:450)
at org.testng.SuiteRunner.privateRun(SuiteRunner.java:415)
at org.testng.SuiteRunner.run(SuiteRunner.java:364)
at org.testng.SuiteRunnerWorker.runSuite(SuiteRunnerWorker.java:52)
at org.testng.SuiteRunnerWorker.run(SuiteRunnerWorker.java:84)
at org.testng.TestNG.runSuitesSequentially(TestNG.java:1208)
at org.testng.TestNG.runSuitesLocally(TestNG.java:1137)
at org.testng.TestNG.runSuites(TestNG.java:1049)
at org.testng.TestNG.run(TestNG.java:1017)
at org.testng.remote.AbstractRemoteTestNG.run(AbstractRemoteTestNG.java:115)
at org.testng.remote.RemoteTestNG.initAndRun(RemoteTestNG.java:251)
at org.testng.remote.RemoteTestNG.main(RemoteTestNG.java:77)
]]>
            </full-stacktrace>
          </exception> <!-- java.lang.RuntimeException -->
          <reporter-output>
          </reporter-output>
        </test-method> <!-- A -->
        <test-method status="PASS" signature="Verify_Pag22e()[pri:0, instance:com.aff.dp.testCases.LoginPageTest@139982de]" name="Verify_Pag22e" duration-ms="4" started-at="2020-03-19T08:14:31Z" finished-at="2020-03-19T08:14:31Z">
          <reporter-output>
          </reporter-output>
        </test-method> <!-- Verify_Pag22e -->
        <test-method status="PASS" signature="Verify_Pagde()[pri:0, instance:com.aff.dp.testCases.LoginPageTest@139982de]" name="Verify_Pagde" duration-ms="4" started-at="2020-03-19T08:14:31Z" finished-at="2020-03-19T08:14:31Z">
          <reporter-output>
          </reporter-output>
        </test-method> <!-- Verify_Pagde -->
        <test-method status="PASS" signature="Verify_Page()[pri:0, instance:com.aff.dp.testCases.LoginPageTest@139982de]" name="Verify_Page" duration-ms="3" started-at="2020-03-19T08:14:31Z" finished-at="2020-03-19T08:14:31Z">
          <reporter-output>
          </reporter-output>
        </test-method> <!-- Verify_Page -->
        <test-method status="PASS" signature="Verify_Pagse()[pri:0, instance:com.aff.dp.testCases.LoginPageTest@139982de]" name="Verify_Pagse" duration-ms="3" started-at="2020-03-19T08:14:31Z" finished-at="2020-03-19T08:14:31Z">
          <reporter-output>
          </reporter-output>
        </test-method> <!-- Verify_Pagse -->
      </class> <!-- com.aff.dp.testCases.LoginPageTest -->
    </test> <!-- Test -->
  </suite> <!-- LoginPage -->
</testng-results>
